web-01~2026-03-18 08:01:12~INFO~server started on port 8080
web-01~2026-03-18 08:01:13~INFO~connected to database postgres://db:5432/app
web-01~2026-03-18 08:01:14~INFO~loading configuration from /etc/app/config.yaml
web-02~2026-03-18 08:01:15~INFO~server started on port 8080
web-02~2026-03-18 08:01:16~INFO~connected to database postgres://db:5432/app
web-01~2026-03-18 08:01:22~INFO~GET /api/users 200 12ms
web-02~2026-03-18 08:01:23~INFO~POST /api/orders 201 89ms
web-01~2026-03-18 08:01:25~WARN~slow query detected: SELECT * FROM payments WHERE id=42 (3200ms)
web-02~2026-03-18 08:01:26~INFO~GET /api/users/42 200 8ms
web-01~2026-03-18 08:01:28~ERROR~connection pool exhausted — retrying in 5s
web-01~2026-03-18 08:01:33~ERROR~connection pool exhausted — retrying in 5s
web-02~2026-03-18 08:01:34~INFO~GET /health 200 1ms
web-01~2026-03-18 08:01:35~INFO~DELETE /api/sessions/99 204 15ms
web-01~2026-03-18 08:01:38~ERROR~connection pool exhausted — giving up after 3 retries
web-02~2026-03-18 08:01:39~WARN~request timeout: POST /api/payments (30000ms)
web-01~2026-03-18 08:01:40~INFO~PUT /api/users/42 200 22ms
web-02~2026-03-18 08:01:41~INFO~GET /api/inventory 200 34ms
web-01~2026-03-18 08:01:42~ERROR~failed to process payment: upstream service unavailable
web-02~2026-03-18 08:01:43~INFO~GET /api/orders/101 200 45ms
web-01~2026-03-18 08:01:44~WARN~memory usage at 89% — consider scaling
web-02~2026-03-18 08:01:45~INFO~POST /api/orders 201 67ms
